This file contains any messages produced by compilers while
running configure, to aid debugging if configure makes a mistake.

It was created by SoundTouch configure 1.9.0, which was
generated by GNU Autoconf 2.69.  Invocation command line was

  $ ./configure --enable-openmp

## --------- ##
## Platform. ##
## --------- ##

hostname = raspberrypi
uname -m = armv6l
uname -r = 3.18.11+
uname -s = Linux
uname -v = #781 PREEMPT Tue Apr 21 18:02:18 BST 2015

/usr/bin/uname -p = unknown
/bin/uname -X     = unknown

/bin/arch              = unknown
/usr/bin/arch -k       = unknown
/usr/convex/getsysinfo = unknown
/usr/bin/hostinfo      = unknown
/bin/machine           = unknown
/usr/bin/oslevel       = unknown
/bin/universe          = unknown

PATH: /usr/local/sbin
PATH: /usr/local/bin
PATH: /usr/sbin
PATH: /usr/bin
PATH: /sbin
PATH: /bin
PATH: /usr/local/games
PATH: /usr/games


## ----------- ##
## Core tests. ##
## ----------- ##

configure:2443: checking for a BSD-compatible install
configure:2511: result: /usr/bin/install -c
configure:2522: checking whether build environment is sane
configure:2572: result: yes
configure:2713: checking for a thread-safe mkdir -p
configure:2752: result: /bin/mkdir -p
configure:2765: checking for gawk
configure:2795: result: no
configure:2765: checking for mawk
configure:2781: found /usr/bin/mawk
configure:2792: result: mawk
configure:2803: checking whether make sets $(MAKE)
configure:2825: result: yes
configure:2916: checking whether make supports nested variables
configure:2933: result: yes
configure:3046: checking for g++
configure:3062: found /usr/bin/g++
configure:3073: result: g++
configure:3100: checking for C++ compiler version
configure:3109: g++ --version >&5
g++ (Debian 4.6.3-14+rpi1) 4.6.3
Copyright (C) 2011 Free Software Foundation, Inc.
This is free software; see the source for copying conditions.  There is NO
warranty; not even for MERCHANTABILITY or FITNESS FOR A PARTICULAR PURPOSE.

configure:3120: $? = 0
configure:3109: g++ -v >&5
Using built-in specs.
COLLECT_GCC=g++
COLLECT_LTO_WRAPPER=/usr/lib/gcc/arm-linux-gnueabihf/4.6/lto-wrapper
Target: arm-linux-gnueabihf
Configured with: ../src/configure -v --with-pkgversion='Debian 4.6.3-14+rpi1' --with-bugurl=file:///usr/share/doc/gcc-4.6/README.Bugs --enable-languages=c,c++,fortran,objc,obj-c++ --prefix=/usr --program-suffix=-4.6 --enable-shared --enable-linker-build-id --with-system-zlib --libexecdir=/usr/lib --without-included-gettext --enable-threads=posix --with-gxx-include-dir=/usr/include/c++/4.6 --libdir=/usr/lib --enable-nls --with-sysroot=/ --enable-clocale=gnu --enable-libstdcxx-debug --enable-libstdcxx-time=yes --enable-gnu-unique-object --enable-plugin --enable-objc-gc --disable-sjlj-exceptions --with-arch=armv6 --with-fpu=vfp --with-float=hard --enable-checking=release --build=arm-linux-gnueabihf --host=arm-linux-gnueabihf --target=arm-linux-gnueabihf
Thread model: posix
gcc version 4.6.3 (Debian 4.6.3-14+rpi1) 
configure:3120: $? = 0
configure:3109: g++ -V >&5
g++: error: unrecognized option '-V'
g++: fatal error: no input files
compilation terminated.
configure:3120: $? = 4
configure:3109: g++ -qversion >&5
g++: error: unrecognized option '-qversion'
g++: fatal error: no input files
compilation terminated.
configure:3120: $? = 4
configure:3140: checking whether the C++ compiler works
configure:3162: g++    conftest.cpp  >&5
configure:3166: $? = 0
configure:3214: result: yes
configure:3217: checking for C++ compiler default output file name
configure:3219: result: a.out
configure:3225: checking for suffix of executables
configure:3232: g++ -o conftest    conftest.cpp  >&5
configure:3236: $? = 0
configure:3258: result: 
configure:3280: checking whether we are cross compiling
configure:3288: g++ -o conftest    conftest.cpp  >&5
configure:3292: $? = 0
configure:3299: ./conftest
configure:3303: $? = 0
configure:3318: result: no
configure:3323: checking for suffix of object files
configure:3345: g++ -c   conftest.cpp >&5
configure:3349: $? = 0
configure:3370: result: o
configure:3374: checking whether we are using the GNU C++ compiler
configure:3393: g++ -c   conftest.cpp >&5
configure:3393: $? = 0
configure:3402: result: yes
configure:3411: checking whether g++ accepts -g
configure:3431: g++ -c -g  conftest.cpp >&5
configure:3431: $? = 0
configure:3472: result: yes
configure:3506: checking for style of include used by make
configure:3534: result: GNU
configure:3560: checking dependency style of g++
configure:3671: result: gcc3
configure:3735: checking for gcc
configure:3751: found /usr/bin/gcc
configure:3762: result: gcc
configure:3991: checking for C compiler version
configure:4000: gcc --version >&5
gcc (Debian 4.6.3-14+rpi1) 4.6.3
Copyright (C) 2011 Free Software Foundation, Inc.
This is free software; see the source for copying conditions.  There is NO
warranty; not even for MERCHANTABILITY or FITNESS FOR A PARTICULAR PURPOSE.

configure:4011: $? = 0
configure:4000: gcc -v >&5
Using built-in specs.
COLLECT_GCC=gcc
COLLECT_LTO_WRAPPER=/usr/lib/gcc/arm-linux-gnueabihf/4.6/lto-wrapper
Target: arm-linux-gnueabihf
Configured with: ../src/configure -v --with-pkgversion='Debian 4.6.3-14+rpi1' --with-bugurl=file:///usr/share/doc/gcc-4.6/README.Bugs --enable-languages=c,c++,fortran,objc,obj-c++ --prefix=/usr --program-suffix=-4.6 --enable-shared --enable-linker-build-id --with-system-zlib --libexecdir=/usr/lib --without-included-gettext --enable-threads=posix --with-gxx-include-dir=/usr/include/c++/4.6 --libdir=/usr/lib --enable-nls --with-sysroot=/ --enable-clocale=gnu --enable-libstdcxx-debug --enable-libstdcxx-time=yes --enable-gnu-unique-object --enable-plugin --enable-objc-gc --disable-sjlj-exceptions --with-arch=armv6 --with-fpu=vfp --with-float=hard --enable-checking=release --build=arm-linux-gnueabihf --host=arm-linux-gnueabihf --target=arm-linux-gnueabihf
Thread model: posix
gcc version 4.6.3 (Debian 4.6.3-14+rpi1) 
configure:4011: $? = 0
configure:4000: gcc -V >&5
gcc: error: unrecognized option '-V'
gcc: fatal error: no input files
compilation terminated.
configure:4011: $? = 4
configure:4000: gcc -qversion >&5
gcc: error: unrecognized option '-qversion'
gcc: fatal error: no input files
compilation terminated.
configure:4011: $? = 4
configure:4015: checking whether we are using the GNU C compiler
configure:4034: gcc -c   conftest.c >&5
configure:4034: $? = 0
configure:4043: result: yes
configure:4052: checking whether gcc accepts -g
configure:4072: gcc -c -g  conftest.c >&5
configure:4072: $? = 0
configure:4113: result: yes
configure:4130: checking for gcc option to accept ISO C89
configure:4193: gcc  -c -g -O2  conftest.c >&5
configure:4193: $? = 0
configure:4206: result: none needed
configure:4228: checking dependency style of gcc
configure:4339: result: gcc3
configure:4359: checking how to run the C preprocessor
configure:4390: gcc -E  conftest.c
configure:4390: $? = 0
configure:4404: gcc -E  conftest.c
conftest.c:11:28: fatal error: ac_nonexistent.h: No such file or directory
compilation terminated.
configure:4404: $? = 1
configure: failed program was:
| /* confdefs.h */
| #define PACKAGE_NAME "SoundTouch"
| #define PACKAGE_TARNAME "soundtouch"
| #define PACKAGE_VERSION "1.9.0"
| #define PACKAGE_STRING "SoundTouch 1.9.0"
| #define PACKAGE_BUGREPORT "http://www.surina.net/soundtouch"
| #define PACKAGE_URL ""
| #define PACKAGE "soundtouch"
| #define VERSION "1.9.0"
| /* end confdefs.h.  */
| #include <ac_nonexistent.h>
configure:4429: result: gcc -E
configure:4449: gcc -E  conftest.c
configure:4449: $? = 0
configure:4463: gcc -E  conftest.c
conftest.c:11:28: fatal error: ac_nonexistent.h: No such file or directory
compilation terminated.
configure:4463: $? = 1
configure: failed program was:
| /* confdefs.h */
| #define PACKAGE_NAME "SoundTouch"
| #define PACKAGE_TARNAME "soundtouch"
| #define PACKAGE_VERSION "1.9.0"
| #define PACKAGE_STRING "SoundTouch 1.9.0"
| #define PACKAGE_BUGREPORT "http://www.surina.net/soundtouch"
| #define PACKAGE_URL ""
| #define PACKAGE "soundtouch"
| #define VERSION "1.9.0"
| /* end confdefs.h.  */
| #include <ac_nonexistent.h>
configure:4496: checking how to run the C++ preprocessor
configure:4523: g++ -E  conftest.cpp
configure:4523: $? = 0
configure:4537: g++ -E  conftest.cpp
conftest.cpp:11:28: fatal error: ac_nonexistent.h: No such file or directory
compilation terminated.
configure:4537: $? = 1
configure: failed program was:
| /* confdefs.h */
| #define PACKAGE_NAME "SoundTouch"
| #define PACKAGE_TARNAME "soundtouch"
| #define PACKAGE_VERSION "1.9.0"
| #define PACKAGE_STRING "SoundTouch 1.9.0"
| #define PACKAGE_BUGREPORT "http://www.surina.net/soundtouch"
| #define PACKAGE_URL ""
| #define PACKAGE "soundtouch"
| #define VERSION "1.9.0"
| /* end confdefs.h.  */
| #include <ac_nonexistent.h>
configure:4562: result: g++ -E
configure:4582: g++ -E  conftest.cpp
configure:4582: $? = 0
configure:4596: g++ -E  conftest.cpp
conftest.cpp:11:28: fatal error: ac_nonexistent.h: No such file or directory
compilation terminated.
configure:4596: $? = 1
configure: failed program was:
| /* confdefs.h */
| #define PACKAGE_NAME "SoundTouch"
| #define PACKAGE_TARNAME "soundtouch"
| #define PACKAGE_VERSION "1.9.0"
| #define PACKAGE_STRING "SoundTouch 1.9.0"
| #define PACKAGE_BUGREPORT "http://www.surina.net/soundtouch"
| #define PACKAGE_URL ""
| #define PACKAGE "soundtouch"
| #define VERSION "1.9.0"
| /* end confdefs.h.  */
| #include <ac_nonexistent.h>
configure:4626: checking whether make sets $(MAKE)
configure:4648: result: yes
configure:4687: checking build system type
configure:4701: result: armv6l-unknown-linux-gnueabihf
configure:4721: checking host system type
configure:4734: result: armv6l-unknown-linux-gnueabihf
configure:4775: checking how to print strings
configure:4802: result: printf
configure:4823: checking for a sed that does not truncate output
configure:4887: result: /bin/sed
configure:4905: checking for grep that handles long lines and -e
configure:4963: result: /bin/grep
configure:4968: checking for egrep
configure:5030: result: /bin/grep -E
configure:5035: checking for fgrep
configure:5097: result: /bin/grep -F
configure:5132: checking for ld used by gcc
configure:5199: result: /usr/bin/ld
configure:5206: checking if the linker (/usr/bin/ld) is GNU ld
configure:5221: result: yes
configure:5233: checking for BSD- or MS-compatible name lister (nm)
configure:5282: result: /usr/bin/nm -B
configure:5412: checking the name lister (/usr/bin/nm -B) interface
configure:5419: g++ -c -g -O2  conftest.cpp >&5
configure:5422: /usr/bin/nm -B "conftest.o"
configure:5425: output
00000000 B some_variable
configure:5432: result: BSD nm
configure:5435: checking whether ln -s works
configure:5439: result: yes
configure:5447: checking the maximum length of command line arguments
configure:5577: result: 1572864
configure:5594: checking whether the shell understands some XSI constructs
configure:5604: result: yes
configure:5608: checking whether the shell understands "+="
configure:5614: result: yes
configure:5649: checking how to convert armv6l-unknown-linux-gnueabihf file names to armv6l-unknown-linux-gnueabihf format
configure:5689: result: func_convert_file_noop
configure:5696: checking how to convert armv6l-unknown-linux-gnueabihf file names to toolchain format
configure:5716: result: func_convert_file_noop
configure:5723: checking for /usr/bin/ld option to reload object files
configure:5730: result: -r
configure:5804: checking for objdump
configure:5820: found /usr/bin/objdump
configure:5831: result: objdump
configure:5863: checking how to recognize dependent libraries
configure:6061: result: pass_all
configure:6146: checking for dlltool
configure:6176: result: no
configure:6206: checking how to associate runtime and link libraries
configure:6233: result: printf %s\n
configure:6294: checking for ar
configure:6310: found /usr/bin/ar
configure:6321: result: ar
configure:6358: checking for archiver @FILE support
configure:6375: g++ -c -g -O2  conftest.cpp >&5
configure:6375: $? = 0
configure:6378: ar cru libconftest.a @conftest.lst >&5
configure:6381: $? = 0
configure:6386: ar cru libconftest.a @conftest.lst >&5
ar: conftest.o: No such file or directory
configure:6389: $? = 1
configure:6401: result: @
configure:6459: checking for strip
configure:6475: found /usr/bin/strip
configure:6486: result: strip
configure:6558: checking for ranlib
configure:6574: found /usr/bin/ranlib
configure:6585: result: ranlib
configure:6687: checking command to parse /usr/bin/nm -B output from gcc object
configure:6807: g++ -c -g -O2  conftest.cpp >&5
configure:6810: $? = 0
configure:6814: /usr/bin/nm -B conftest.o \| sed -n -e 's/^.*[ ]\([ABCDGIRSTW][ABCDGIRSTW]*\)[ ][ ]*\([_A-Za-z][_A-Za-z0-9]*\)$/\1 \2 \2/p' | sed '/ __gnu_lto/d' \> conftest.nm
configure:6817: $? = 0
configure:6883: g++ -o conftest -g -O2   conftest.cpp conftstm.o >&5
configure:6886: $? = 0
configure:6924: result: ok
configure:6961: checking for sysroot
configure:6991: result: no
configure:7248: checking for mt
configure:7264: found /bin/mt
configure:7275: result: mt
configure:7298: checking if mt is a manifest tool
configure:7304: mt '-?'
configure:7312: result: no
configure:7950: checking for ANSI C header files
configure:7970: g++ -c -g -O2  conftest.cpp >&5
configure:7970: $? = 0
configure:8043: g++ -o conftest -g -O2   conftest.cpp  >&5
configure:8043: $? = 0
configure:8043: ./conftest
configure:8043: $? = 0
configure:8054: result: yes
configure:8067: checking for sys/types.h
configure:8067: g++ -c -g -O2  conftest.cpp >&5
configure:8067: $? = 0
configure:8067: result: yes
configure:8067: checking for sys/stat.h
configure:8067: g++ -c -g -O2  conftest.cpp >&5
configure:8067: $? = 0
configure:8067: result: yes
configure:8067: checking for stdlib.h
configure:8067: g++ -c -g -O2  conftest.cpp >&5
configure:8067: $? = 0
configure:8067: result: yes
configure:8067: checking for string.h
configure:8067: g++ -c -g -O2  conftest.cpp >&5
configure:8067: $? = 0
configure:8067: result: yes
configure:8067: checking for memory.h
configure:8067: g++ -c -g -O2  conftest.cpp >&5
configure:8067: $? = 0
configure:8067: result: yes
configure:8067: checking for strings.h
configure:8067: g++ -c -g -O2  conftest.cpp >&5
configure:8067: $? = 0
configure:8067: result: yes
configure:8067: checking for inttypes.h
configure:8067: g++ -c -g -O2  conftest.cpp >&5
configure:8067: $? = 0
configure:8067: result: yes
configure:8067: checking for stdint.h
configure:8067: g++ -c -g -O2  conftest.cpp >&5
configure:8067: $? = 0
configure:8067: result: yes
configure:8067: checking for unistd.h
configure:8067: g++ -c -g -O2  conftest.cpp >&5
configure:8067: $? = 0
configure:8067: result: yes
configure:8081: checking for dlfcn.h
configure:8081: g++ -c -g -O2  conftest.cpp >&5
configure:8081: $? = 0
configure:8081: result: yes
configure:8267: checking for objdir
configure:8282: result: .libs
configure:8553: checking if gcc supports -fno-rtti -fno-exceptions
configure:8571: gcc -c -g -O2  -fno-rtti -fno-exceptions conftest.c >&5
cc1: warning: command line option '-fno-rtti' is valid for C++/ObjC++ but not for C [enabled by default]
configure:8575: $? = 0
configure:8588: result: no
configure:8915: checking for gcc option to produce PIC
configure:8922: result: -fPIC -DPIC
configure:8930: checking if gcc PIC flag -fPIC -DPIC works
configure:8948: gcc -c -g -O2  -fPIC -DPIC -DPIC conftest.c >&5
configure:8952: $? = 0
configure:8965: result: yes
configure:8994: checking if gcc static flag -static works
configure:9022: result: yes
configure:9037: checking if gcc supports -c -o file.o
configure:9058: gcc -c -g -O2  -o out/conftest2.o conftest.c >&5
configure:9062: $? = 0
configure:9084: result: yes
configure:9092: checking if gcc supports -c -o file.o
configure:9139: result: yes
configure:9172: checking whether the gcc linker (/usr/bin/ld) supports shared libraries
configure:10329: result: yes
configure:10366: checking whether -lc should be explicitly linked in
configure:10374: gcc -c -g -O2  conftest.c >&5
configure:10377: $? = 0
configure:10392: gcc -shared  -fPIC -DPIC conftest.o  -v -Wl,-soname -Wl,conftest -o conftest 2\>\&1 \| /bin/grep  -lc  \>/dev/null 2\>\&1
configure:10395: $? = 0
configure:10409: result: no
configure:10569: checking dynamic linker characteristics
configure:11069: gcc -o conftest -g -O2   -Wl,-rpath -Wl,/foo conftest.c  >&5
configure:11069: $? = 0
configure:11303: result: GNU/Linux ld.so
configure:11410: checking how to hardcode library paths into programs
configure:11435: result: immediate
configure:11975: checking whether stripping libraries is possible
configure:11980: result: yes
configure:12015: checking if libtool supports shared libraries
configure:12017: result: yes
configure:12020: checking whether to build shared libraries
configure:12041: result: yes
configure:12044: checking whether to build static libraries
configure:12048: result: no
configure:12071: checking how to run the C++ preprocessor
configure:12137: result: g++ -E
configure:12157: g++ -E  conftest.cpp
configure:12157: $? = 0
configure:12171: g++ -E  conftest.cpp
conftest.cpp:23:28: fatal error: ac_nonexistent.h: No such file or directory
compilation terminated.
configure:12171: $? = 1
configure: failed program was:
| /* confdefs.h */
| #define PACKAGE_NAME "SoundTouch"
| #define PACKAGE_TARNAME "soundtouch"
| #define PACKAGE_VERSION "1.9.0"
| #define PACKAGE_STRING "SoundTouch 1.9.0"
| #define PACKAGE_BUGREPORT "http://www.surina.net/soundtouch"
| #define PACKAGE_URL ""
| #define PACKAGE "soundtouch"
| #define VERSION "1.9.0"
| #define STDC_HEADERS 1
| #define HAVE_SYS_TYPES_H 1
| #define HAVE_SYS_STAT_H 1
| #define HAVE_STDLIB_H 1
| #define HAVE_STRING_H 1
| #define HAVE_MEMORY_H 1
| #define HAVE_STRINGS_H 1
| #define HAVE_INTTYPES_H 1
| #define HAVE_STDINT_H 1
| #define HAVE_UNISTD_H 1
| #define HAVE_DLFCN_H 1
| #define LT_OBJDIR ".libs/"
| /* end confdefs.h.  */
| #include <ac_nonexistent.h>
configure:12340: checking for ld used by g++
configure:12407: result: /usr/bin/ld
configure:12414: checking if the linker (/usr/bin/ld) is GNU ld
configure:12429: result: yes
configure:12484: checking whether the g++ linker (/usr/bin/ld) supports shared libraries
configure:13486: result: yes
configure:13522: g++ -c -g -O2  conftest.cpp >&5
configure:13525: $? = 0
configure:14045: checking for g++ option to produce PIC
configure:14052: result: -fPIC -DPIC
configure:14060: checking if g++ PIC flag -fPIC -DPIC works
configure:14078: g++ -c -g -O2  -fPIC -DPIC -DPIC conftest.cpp >&5
configure:14082: $? = 0
configure:14095: result: yes
configure:14118: checking if g++ static flag -static works
configure:14146: result: yes
configure:14158: checking if g++ supports -c -o file.o
configure:14179: g++ -c -g -O2  -o out/conftest2.o conftest.cpp >&5
configure:14183: $? = 0
configure:14205: result: yes
configure:14210: checking if g++ supports -c -o file.o
configure:14257: result: yes
configure:14287: checking whether the g++ linker (/usr/bin/ld) supports shared libraries
configure:14326: result: yes
configure:14467: checking dynamic linker characteristics
configure:15135: result: GNU/Linux ld.so
configure:15188: checking how to hardcode library paths into programs
configure:15213: result: immediate
configure:15278: checking for ANSI C header files
configure:15382: result: yes
configure:15394: checking cpuid.h usability
configure:15394: g++ -c -g -O2  conftest.cpp >&5
conftest.cpp:57:19: fatal error: cpuid.h: No such file or directory
compilation terminated.
configure:15394: $? = 1
configure: failed program was:
| /* confdefs.h */
| #define PACKAGE_NAME "SoundTouch"
| #define PACKAGE_TARNAME "soundtouch"
| #define PACKAGE_VERSION "1.9.0"
| #define PACKAGE_STRING "SoundTouch 1.9.0"
| #define PACKAGE_BUGREPORT "http://www.surina.net/soundtouch"
| #define PACKAGE_URL ""
| #define PACKAGE "soundtouch"
| #define VERSION "1.9.0"
| #define STDC_HEADERS 1
| #define HAVE_SYS_TYPES_H 1
| #define HAVE_SYS_STAT_H 1
| #define HAVE_STDLIB_H 1
| #define HAVE_STRING_H 1
| #define HAVE_MEMORY_H 1
| #define HAVE_STRINGS_H 1
| #define HAVE_INTTYPES_H 1
| #define HAVE_STDINT_H 1
| #define HAVE_UNISTD_H 1
| #define HAVE_DLFCN_H 1
| #define LT_OBJDIR ".libs/"
| #define STDC_HEADERS 1
| /* end confdefs.h.  */
| #include <stdio.h>
| #ifdef HAVE_SYS_TYPES_H
| # include <sys/types.h>
| #endif
| #ifdef HAVE_SYS_STAT_H
| # include <sys/stat.h>
| #endif
| #ifdef STDC_HEADERS
| # include <stdlib.h>
| # include <stddef.h>
| #else
| # ifdef HAVE_STDLIB_H
| #  include <stdlib.h>
| # endif
| #endif
| #ifdef HAVE_STRING_H
| # if !defined STDC_HEADERS && defined HAVE_MEMORY_H
| #  include <memory.h>
| # endif
| # include <string.h>
| #endif
| #ifdef HAVE_STRINGS_H
| # include <strings.h>
| #endif
| #ifdef HAVE_INTTYPES_H
| # include <inttypes.h>
| #endif
| #ifdef HAVE_STDINT_H
| # include <stdint.h>
| #endif
| #ifdef HAVE_UNISTD_H
| # include <unistd.h>
| #endif
| #include <cpuid.h>
configure:15394: result: no
configure:15394: checking cpuid.h presence
configure:15394: g++ -E  conftest.cpp
conftest.cpp:24:19: fatal error: cpuid.h: No such file or directory
compilation terminated.
configure:15394: $? = 1
configure: failed program was:
| /* confdefs.h */
| #define PACKAGE_NAME "SoundTouch"
| #define PACKAGE_TARNAME "soundtouch"
| #define PACKAGE_VERSION "1.9.0"
| #define PACKAGE_STRING "SoundTouch 1.9.0"
| #define PACKAGE_BUGREPORT "http://www.surina.net/soundtouch"
| #define PACKAGE_URL ""
| #define PACKAGE "soundtouch"
| #define VERSION "1.9.0"
| #define STDC_HEADERS 1
| #define HAVE_SYS_TYPES_H 1
| #define HAVE_SYS_STAT_H 1
| #define HAVE_STDLIB_H 1
| #define HAVE_STRING_H 1
| #define HAVE_MEMORY_H 1
| #define HAVE_STRINGS_H 1
| #define HAVE_INTTYPES_H 1
| #define HAVE_STDINT_H 1
| #define HAVE_UNISTD_H 1
| #define HAVE_DLFCN_H 1
| #define LT_OBJDIR ".libs/"
| #define STDC_HEADERS 1
| /* end confdefs.h.  */
| #include <cpuid.h>
configure:15394: result: no
configure:15394: checking for cpuid.h
configure:15394: result: no
configure:15406: WARNING: The cpuid.h file was not found therefore the x86 optimizations will be disabled.
configure:15408: WARNING: If using a x86 architecture and optimizations are desired then please install gcc (>= 4.3).
configure:15410: WARNING: If using a non-x86 architecture then this is expected and can be ignored.
configure:15415: checking for an ANSI C-conforming const
configure:15481: g++ -c -g -O2  conftest.cpp >&5
configure:15481: $? = 0
configure:15488: result: yes
configure:15496: checking for inline
configure:15512: g++ -c -g -O2  conftest.cpp >&5
configure:15512: $? = 0
configure:15520: result: inline
configure:15736: checking for stdlib.h
configure:15736: result: yes
configure:15746: checking for GNU libc compatible malloc
configure:15770: g++ -o conftest    conftest.cpp  >&5
configure:15770: $? = 0
configure:15770: ./conftest
configure:15770: $? = 0
configure:15780: result: yes
configure:15801: checking return type of signal handlers
configure:15819: g++ -c   conftest.cpp >&5
conftest.cpp: In function 'int main()':
conftest.cpp:34:27: error: void value not ignored as it ought to be
configure:15819: $? = 1
configure: failed program was:
| /* confdefs.h */
| #define PACKAGE_NAME "SoundTouch"
| #define PACKAGE_TARNAME "soundtouch"
| #define PACKAGE_VERSION "1.9.0"
| #define PACKAGE_STRING "SoundTouch 1.9.0"
| #define PACKAGE_BUGREPORT "http://www.surina.net/soundtouch"
| #define PACKAGE_URL ""
| #define PACKAGE "soundtouch"
| #define VERSION "1.9.0"
| #define STDC_HEADERS 1
| #define HAVE_SYS_TYPES_H 1
| #define HAVE_SYS_STAT_H 1
| #define HAVE_STDLIB_H 1
| #define HAVE_STRING_H 1
| #define HAVE_MEMORY_H 1
| #define HAVE_STRINGS_H 1
| #define HAVE_INTTYPES_H 1
| #define HAVE_STDINT_H 1
| #define HAVE_UNISTD_H 1
| #define HAVE_DLFCN_H 1
| #define LT_OBJDIR ".libs/"
| #define STDC_HEADERS 1
| #define SOUNDTOUCH_FLOAT_SAMPLES 1
| #define SOUNDTOUCH_DISABLE_X86_OPTIMIZATIONS 1
| #define HAVE_STDLIB_H 1
| #define HAVE_MALLOC 1
| /* end confdefs.h.  */
| #include <sys/types.h>
| #include <signal.h>
| 
| int
| main ()
| {
| return *(signal (0, 0)) (0) == 1;
|   ;
|   return 0;
| }
configure:15826: result: void
configure:15835: checking for sqrt in -lm
configure:15860: g++ -o conftest    conftest.cpp -lm   >&5
configure:15860: $? = 0
configure:15869: result: yes
configure:16050: creating ./config.status

## ---------------------- ##
## Running config.status. ##
## ---------------------- ##

This file was extended by SoundTouch config.status 1.9.0, which was
generated by GNU Autoconf 2.69.  Invocation command line was

  CONFIG_FILES    = 
  CONFIG_HEADERS  = 
  CONFIG_LINKS    = 
  CONFIG_COMMANDS = 
  $ ./config.status 

on raspberrypi

config.status:1163: creating Makefile
config.status:1163: creating source/Makefile
config.status:1163: creating source/SoundTouch/Makefile
config.status:1163: creating source/SoundStretch/Makefile
config.status:1163: creating include/Makefile
config.status:1163: creating soundtouch.pc
config.status:1163: creating config.h
config.status:1344: config.h is unchanged
config.status:1163: creating include/soundtouch_config.h
config.status:1344: include/soundtouch_config.h is unchanged
config.status:1392: executing depfiles commands
config.status:1392: executing libtool commands

## ---------------- ##
## Cache variables. ##
## ---------------- ##

ac_cv_build=armv6l-unknown-linux-gnueabihf
ac_cv_c_compiler_gnu=yes
ac_cv_c_const=yes
ac_cv_c_inline=inline
ac_cv_cxx_compiler_gnu=yes
ac_cv_env_CCC_set=
ac_cv_env_CCC_value=
ac_cv_env_CC_set=
ac_cv_env_CC_value=
ac_cv_env_CFLAGS_set=
ac_cv_env_CFLAGS_value=
ac_cv_env_CPPFLAGS_set=
ac_cv_env_CPPFLAGS_value=
ac_cv_env_CPP_set=
ac_cv_env_CPP_value=
ac_cv_env_CXXCPP_set=
ac_cv_env_CXXCPP_value=
ac_cv_env_CXXFLAGS_set=
ac_cv_env_CXXFLAGS_value=
ac_cv_env_CXX_set=
ac_cv_env_CXX_value=
ac_cv_env_LDFLAGS_set=
ac_cv_env_LDFLAGS_value=
ac_cv_env_LIBS_set=
ac_cv_env_LIBS_value=
ac_cv_env_build_alias_set=
ac_cv_env_build_alias_value=
ac_cv_env_host_alias_set=
ac_cv_env_host_alias_value=
ac_cv_env_target_alias_set=
ac_cv_env_target_alias_value=
ac_cv_func_malloc_0_nonnull=yes
ac_cv_header_cpuid_h=no
ac_cv_header_dlfcn_h=yes
ac_cv_header_inttypes_h=yes
ac_cv_header_memory_h=yes
ac_cv_header_stdc=yes
ac_cv_header_stdint_h=yes
ac_cv_header_stdlib_h=yes
ac_cv_header_string_h=yes
ac_cv_header_strings_h=yes
ac_cv_header_sys_stat_h=yes
ac_cv_header_sys_types_h=yes
ac_cv_header_unistd_h=yes
ac_cv_host=armv6l-unknown-linux-gnueabihf
ac_cv_lib_m_sqrt=yes
ac_cv_objext=o
ac_cv_path_EGREP='/bin/grep -E'
ac_cv_path_FGREP='/bin/grep -F'
ac_cv_path_GREP=/bin/grep
ac_cv_path_SED=/bin/sed
ac_cv_path_install='/usr/bin/install -c'
ac_cv_path_mkdir=/bin/mkdir
ac_cv_prog_AWK=mawk
ac_cv_prog_CPP='gcc -E'
ac_cv_prog_CXXCPP='g++ -E'
ac_cv_prog_ac_ct_AR=ar
ac_cv_prog_ac_ct_CC=gcc
ac_cv_prog_ac_ct_CXX=g++
ac_cv_prog_ac_ct_MANIFEST_TOOL=mt
ac_cv_prog_ac_ct_OBJDUMP=objdump
ac_cv_prog_ac_ct_RANLIB=ranlib
ac_cv_prog_ac_ct_STRIP=strip
ac_cv_prog_cc_c89=
ac_cv_prog_cc_g=yes
ac_cv_prog_cxx_g=yes
ac_cv_prog_make_make_set=yes
ac_cv_type_signal=void
am_cv_CC_dependencies_compiler_type=gcc3
am_cv_CXX_dependencies_compiler_type=gcc3
am_cv_make_support_nested_variables=yes
lt_cv_ar_at_file=@
lt_cv_archive_cmds_need_lc=no
lt_cv_deplibs_check_method=pass_all
lt_cv_file_magic_cmd='$MAGIC_CMD'
lt_cv_file_magic_test_file=
lt_cv_ld_reload_flag=-r
lt_cv_nm_interface='BSD nm'
lt_cv_objdir=.libs
lt_cv_path_LD=/usr/bin/ld
lt_cv_path_LDCXX=/usr/bin/ld
lt_cv_path_NM='/usr/bin/nm -B'
lt_cv_path_mainfest_tool=no
lt_cv_prog_compiler_c_o=yes
lt_cv_prog_compiler_c_o_CXX=yes
lt_cv_prog_compiler_pic='-fPIC -DPIC'
lt_cv_prog_compiler_pic_CXX='-fPIC -DPIC'
lt_cv_prog_compiler_pic_works=yes
lt_cv_prog_compiler_pic_works_CXX=yes
lt_cv_prog_compiler_rtti_exceptions=no
lt_cv_prog_compiler_static_works=yes
lt_cv_prog_compiler_static_works_CXX=yes
lt_cv_prog_gnu_ld=yes
lt_cv_prog_gnu_ldcxx=yes
lt_cv_sharedlib_from_linklib_cmd='printf %s\n'
lt_cv_shlibpath_overrides_runpath=no
lt_cv_sys_global_symbol_pipe='sed -n -e '\''s/^.*[	 ]\([ABCDGIRSTW][ABCDGIRSTW]*\)[	 ][	 ]*\([_A-Za-z][_A-Za-z0-9]*\)$/\1 \2 \2/p'\'' | sed '\''/ __gnu_lto/d'\'''
lt_cv_sys_global_symbol_to_c_name_address='sed -n -e '\''s/^: \([^ ]*\)[ ]*$/  {\"\1\", (void *) 0},/p'\'' -e '\''s/^[ABCDGIRSTW]* \([^ ]*\) \([^ ]*\)$/  {"\2", (void *) \&\2},/p'\'''
lt_cv_sys_global_symbol_to_c_name_address_lib_prefix='sed -n -e '\''s/^: \([^ ]*\)[ ]*$/  {\"\1\", (void *) 0},/p'\'' -e '\''s/^[ABCDGIRSTW]* \([^ ]*\) \(lib[^ ]*\)$/  {"\2", (void *) \&\2},/p'\'' -e '\''s/^[ABCDGIRSTW]* \([^ ]*\) \([^ ]*\)$/  {"lib\2", (void *) \&\2},/p'\'''
lt_cv_sys_global_symbol_to_cdecl='sed -n -e '\''s/^T .* \(.*\)$/extern int \1();/p'\'' -e '\''s/^[ABCDGIRSTW]* .* \(.*\)$/extern char \1;/p'\'''
lt_cv_sys_max_cmd_len=1572864
lt_cv_to_host_file_cmd=func_convert_file_noop
lt_cv_to_tool_file_cmd=func_convert_file_noop

## ----------------- ##
## Output variables. ##
## ----------------- ##

ACLOCAL='${SHELL} /home/pi/Lonceni_Bas/Code/soundtouch/config/missing --run aclocal-1.11'
AMDEPBACKSLASH='\'
AMDEP_FALSE='#'
AMDEP_TRUE=''
AMTAR='$${TAR-tar}'
AM_BACKSLASH='\'
AM_CXXFLAGS='-fopenmp '
AM_DEFAULT_V='$(AM_DEFAULT_VERBOSITY)'
AM_DEFAULT_VERBOSITY='0'
AM_V='$(V)'
AR='ar'
AUTOCONF='${SHELL} /home/pi/Lonceni_Bas/Code/soundtouch/config/missing --run autoconf'
AUTOHEADER='${SHELL} /home/pi/Lonceni_Bas/Code/soundtouch/config/missing --run autoheader'
AUTOMAKE='${SHELL} /home/pi/Lonceni_Bas/Code/soundtouch/config/missing --run automake-1.11'
AWK='mawk'
CC='gcc'
CCDEPMODE='depmode=gcc3'
CFLAGS='-g -O2'
CPP='gcc -E'
CPPFLAGS=''
CXX='g++'
CXXCPP='g++ -E'
CXXDEPMODE='depmode=gcc3'
CXXFLAGS=''
CYGPATH_W='echo'
DEFS='-DHAVE_CONFIG_H'
DEPDIR='.deps'
DLLTOOL='false'
DSYMUTIL=''
DUMPBIN=''
ECHO_C=''
ECHO_N='-n'
ECHO_T=''
EGREP='/bin/grep -E'
EXEEXT=''
FGREP='/bin/grep -F'
GREP='/bin/grep'
HAVE_MMX_FALSE=''
HAVE_MMX_TRUE='#'
HAVE_SSE_FALSE=''
HAVE_SSE_TRUE='#'
INSTALL_DATA='${INSTALL} -m 644'
INSTALL_PROGRAM='${INSTALL}'
INSTALL_SCRIPT='${INSTALL}'
INSTALL_STRIP_PROGRAM='$(install_sh) -c -s'
LD='/usr/bin/ld'
LDFLAGS=''
LIBOBJS=''
LIBS='-lm '
LIBTOOL='$(SHELL) $(top_builddir)/libtool'
LIPO=''
LN_S='ln -s'
LTLIBOBJS=''
MAKEINFO='${SHELL} /home/pi/Lonceni_Bas/Code/soundtouch/config/missing --run makeinfo'
MANIFEST_TOOL=':'
MKDIR_P='/bin/mkdir -p'
NM='/usr/bin/nm -B'
NMEDIT=''
OBJDUMP='objdump'
OBJEXT='o'
OTOOL64=''
OTOOL=''
PACKAGE='soundtouch'
PACKAGE_BUGREPORT='http://www.surina.net/soundtouch'
PACKAGE_NAME='SoundTouch'
PACKAGE_STRING='SoundTouch 1.9.0'
PACKAGE_TARNAME='soundtouch'
PACKAGE_URL=''
PACKAGE_VERSION='1.9.0'
PATH_SEPARATOR=':'
RANLIB='ranlib'
SED='/bin/sed'
SET_MAKE=''
SHELL='/bin/bash'
STRIP='strip'
VERSION='1.9.0'
X86_OPTIMIZATIONS_FALSE='#'
X86_OPTIMIZATIONS_TRUE=''
ac_ct_AR='ar'
ac_ct_CC='gcc'
ac_ct_CXX='g++'
ac_ct_DUMPBIN=''
am__EXEEXT_FALSE=''
am__EXEEXT_TRUE='#'
am__fastdepCC_FALSE='#'
am__fastdepCC_TRUE=''
am__fastdepCXX_FALSE='#'
am__fastdepCXX_TRUE=''
am__include='include'
am__isrc=''
am__leading_dot='.'
am__nodep='_no'
am__quote=''
am__tar='$${TAR-tar} chof - "$$tardir"'
am__untar='$${TAR-tar} xf -'
bindir='${exec_prefix}/bin'
build='armv6l-unknown-linux-gnueabihf'
build_alias=''
build_cpu='armv6l'
build_os='linux-gnueabihf'
build_vendor='unknown'
datadir='${datarootdir}'
datarootdir='${prefix}/share'
docdir='${datarootdir}/doc/${PACKAGE_TARNAME}'
dvidir='${docdir}'
exec_prefix='${prefix}'
host='armv6l-unknown-linux-gnueabihf'
host_alias=''
host_cpu='armv6l'
host_os='linux-gnueabihf'
host_vendor='unknown'
htmldir='${docdir}'
includedir='${prefix}/include'
infodir='${datarootdir}/info'
install_sh='${SHELL} /home/pi/Lonceni_Bas/Code/soundtouch/config/install-sh'
libdir='${exec_prefix}/lib'
libexecdir='${exec_prefix}/libexec'
localedir='${datarootdir}/locale'
localstatedir='${prefix}/var'
mandir='${datarootdir}/man'
mkdir_p='/bin/mkdir -p'
oldincludedir='/usr/include'
pdfdir='${docdir}'
prefix='/usr/local'
program_transform_name='s,x,x,'
psdir='${docdir}'
sbindir='${exec_prefix}/sbin'
sharedstatedir='${prefix}/com'
sysconfdir='${prefix}/etc'
target_alias=''

## ----------- ##
## confdefs.h. ##
## ----------- ##

/* confdefs.h */
#define PACKAGE_NAME "SoundTouch"
#define PACKAGE_TARNAME "soundtouch"
#define PACKAGE_VERSION "1.9.0"
#define PACKAGE_STRING "SoundTouch 1.9.0"
#define PACKAGE_BUGREPORT "http://www.surina.net/soundtouch"
#define PACKAGE_URL ""
#define PACKAGE "soundtouch"
#define VERSION "1.9.0"
#define STDC_HEADERS 1
#define HAVE_SYS_TYPES_H 1
#define HAVE_SYS_STAT_H 1
#define HAVE_STDLIB_H 1
#define HAVE_STRING_H 1
#define HAVE_MEMORY_H 1
#define HAVE_STRINGS_H 1
#define HAVE_INTTYPES_H 1
#define HAVE_STDINT_H 1
#define HAVE_UNISTD_H 1
#define HAVE_DLFCN_H 1
#define LT_OBJDIR ".libs/"
#define STDC_HEADERS 1
#define SOUNDTOUCH_FLOAT_SAMPLES 1
#define SOUNDTOUCH_DISABLE_X86_OPTIMIZATIONS 1
#define HAVE_STDLIB_H 1
#define HAVE_MALLOC 1
#define RETSIGTYPE void
#define HAVE_LIBM 1

configure: exit 0

## ---------------------- ##
## Running config.status. ##
## ---------------------- ##

This file was extended by SoundTouch config.status 1.9.0, which was
generated by GNU Autoconf 2.69.  Invocation command line was

  CONFIG_FILES    = 
  CONFIG_HEADERS  = 
  CONFIG_LINKS    = 
  CONFIG_COMMANDS = 
  $ ./config.status include/soundtouch_config.h

on raspberrypi

config.status:1163: creating include/soundtouch_config.h
config.status:1344: include/soundtouch_config.h is unchanged
